{"timestamp":"2025-06-30T03:44:35.274255","level":"info","event":"Filling up the DagBag from /opt/airflow/dags/extract_dag.py","logger":"airflow.models.dagbag.DagBag"}
{"timestamp":"2025-06-30T03:45:06.359589","level":"info","event":"Filling up the DagBag from /opt/airflow/dags/extract_dag.py","logger":"airflow.models.dagbag.DagBag"}
{"timestamp":"2025-06-30T03:49:06.860538","level":"info","event":"Filling up the DagBag from /opt/airflow/dags/extract_dag.py","logger":"airflow.models.dagbag.DagBag"}
{"timestamp":"2025-06-30T03:49:40.495591","level":"info","event":"Filling up the DagBag from /opt/airflow/dags/extract_dag.py","logger":"airflow.models.dagbag.DagBag"}
{"timestamp":"2025-06-30T03:50:10.967588","level":"info","event":"Filling up the DagBag from /opt/airflow/dags/extract_dag.py","logger":"airflow.models.dagbag.DagBag"}
{"timestamp":"2025-06-30T03:50:41.407823","level":"info","event":"Filling up the DagBag from /opt/airflow/dags/extract_dag.py","logger":"airflow.models.dagbag.DagBag"}
{"timestamp":"2025-06-30T03:51:11.832988","level":"info","event":"Filling up the DagBag from /opt/airflow/dags/extract_dag.py","logger":"airflow.models.dagbag.DagBag"}
{"timestamp":"2025-06-30T03:51:42.247483","level":"info","event":"Filling up the DagBag from /opt/airflow/dags/extract_dag.py","logger":"airflow.models.dagbag.DagBag"}
{"timestamp":"2025-06-30T03:52:12.644976","level":"info","event":"Filling up the DagBag from /opt/airflow/dags/extract_dag.py","logger":"airflow.models.dagbag.DagBag"}
{"timestamp":"2025-06-30T03:52:43.032147","level":"info","event":"Filling up the DagBag from /opt/airflow/dags/extract_dag.py","logger":"airflow.models.dagbag.DagBag"}
{"timestamp":"2025-06-30T03:53:13.451012","level":"info","event":"Filling up the DagBag from /opt/airflow/dags/extract_dag.py","logger":"airflow.models.dagbag.DagBag"}
{"timestamp":"2025-06-30T03:53:43.868011","level":"info","event":"Filling up the DagBag from /opt/airflow/dags/extract_dag.py","logger":"airflow.models.dagbag.DagBag"}
{"timestamp":"2025-06-30T03:54:14.306025","level":"info","event":"Filling up the DagBag from /opt/airflow/dags/extract_dag.py","logger":"airflow.models.dagbag.DagBag"}
{"timestamp":"2025-06-30T03:54:44.693728","level":"info","event":"Filling up the DagBag from /opt/airflow/dags/extract_dag.py","logger":"airflow.models.dagbag.DagBag"}
{"timestamp":"2025-06-30T03:55:15.060238","level":"info","event":"Filling up the DagBag from /opt/airflow/dags/extract_dag.py","logger":"airflow.models.dagbag.DagBag"}
{"timestamp":"2025-06-30T03:55:45.479411","level":"info","event":"Filling up the DagBag from /opt/airflow/dags/extract_dag.py","logger":"airflow.models.dagbag.DagBag"}
{"timestamp":"2025-06-30T03:56:15.847116","level":"info","event":"Filling up the DagBag from /opt/airflow/dags/extract_dag.py","logger":"airflow.models.dagbag.DagBag"}
{"timestamp":"2025-06-30T03:56:46.239235","level":"info","event":"Filling up the DagBag from /opt/airflow/dags/extract_dag.py","logger":"airflow.models.dagbag.DagBag"}
{"timestamp":"2025-06-30T03:57:16.620464","level":"info","event":"Filling up the DagBag from /opt/airflow/dags/extract_dag.py","logger":"airflow.models.dagbag.DagBag"}
{"timestamp":"2025-06-30T03:57:46.973005","level":"info","event":"Filling up the DagBag from /opt/airflow/dags/extract_dag.py","logger":"airflow.models.dagbag.DagBag"}
{"timestamp":"2025-06-30T03:58:17.360591","level":"info","event":"Filling up the DagBag from /opt/airflow/dags/extract_dag.py","logger":"airflow.models.dagbag.DagBag"}
{"timestamp":"2025-06-30T03:58:47.756472","level":"info","event":"Filling up the DagBag from /opt/airflow/dags/extract_dag.py","logger":"airflow.models.dagbag.DagBag"}
{"timestamp":"2025-06-30T03:59:18.150549","level":"info","event":"Filling up the DagBag from /opt/airflow/dags/extract_dag.py","logger":"airflow.models.dagbag.DagBag"}
{"timestamp":"2025-06-30T03:59:48.504669","level":"info","event":"Filling up the DagBag from /opt/airflow/dags/extract_dag.py","logger":"airflow.models.dagbag.DagBag"}
{"timestamp":"2025-06-30T04:00:18.864122","level":"info","event":"Filling up the DagBag from /opt/airflow/dags/extract_dag.py","logger":"airflow.models.dagbag.DagBag"}
{"timestamp":"2025-06-30T04:00:49.229422","level":"info","event":"Filling up the DagBag from /opt/airflow/dags/extract_dag.py","logger":"airflow.models.dagbag.DagBag"}
{"timestamp":"2025-06-30T04:01:19.585962","level":"info","event":"Filling up the DagBag from /opt/airflow/dags/extract_dag.py","logger":"airflow.models.dagbag.DagBag"}
{"timestamp":"2025-06-30T04:01:49.931968","level":"info","event":"Filling up the DagBag from /opt/airflow/dags/extract_dag.py","logger":"airflow.models.dagbag.DagBag"}
{"timestamp":"2025-06-30T04:02:20.293992","level":"info","event":"Filling up the DagBag from /opt/airflow/dags/extract_dag.py","logger":"airflow.models.dagbag.DagBag"}
{"timestamp":"2025-06-30T04:02:50.700382","level":"info","event":"Filling up the DagBag from /opt/airflow/dags/extract_dag.py","logger":"airflow.models.dagbag.DagBag"}
{"timestamp":"2025-06-30T04:03:21.115539","level":"info","event":"Filling up the DagBag from /opt/airflow/dags/extract_dag.py","logger":"airflow.models.dagbag.DagBag"}
{"timestamp":"2025-06-30T04:03:51.576928","level":"info","event":"Filling up the DagBag from /opt/airflow/dags/extract_dag.py","logger":"airflow.models.dagbag.DagBag"}
{"timestamp":"2025-06-30T04:04:22.040891","level":"info","event":"Filling up the DagBag from /opt/airflow/dags/extract_dag.py","logger":"airflow.models.dagbag.DagBag"}
{"timestamp":"2025-06-30T04:04:52.426697","level":"info","event":"Filling up the DagBag from /opt/airflow/dags/extract_dag.py","logger":"airflow.models.dagbag.DagBag"}
{"timestamp":"2025-06-30T04:05:22.802154","level":"info","event":"Filling up the DagBag from /opt/airflow/dags/extract_dag.py","logger":"airflow.models.dagbag.DagBag"}
{"timestamp":"2025-06-30T04:05:53.196384","level":"info","event":"Filling up the DagBag from /opt/airflow/dags/extract_dag.py","logger":"airflow.models.dagbag.DagBag"}
{"timestamp":"2025-06-30T04:06:23.607592","level":"info","event":"Filling up the DagBag from /opt/airflow/dags/extract_dag.py","logger":"airflow.models.dagbag.DagBag"}
{"timestamp":"2025-06-30T04:06:53.959884","level":"info","event":"Filling up the DagBag from /opt/airflow/dags/extract_dag.py","logger":"airflow.models.dagbag.DagBag"}
{"timestamp":"2025-06-30T04:07:24.329912","level":"info","event":"Filling up the DagBag from /opt/airflow/dags/extract_dag.py","logger":"airflow.models.dagbag.DagBag"}
{"timestamp":"2025-06-30T04:07:54.693436","level":"info","event":"Filling up the DagBag from /opt/airflow/dags/extract_dag.py","logger":"airflow.models.dagbag.DagBag"}
{"timestamp":"2025-06-30T04:08:25.099200","level":"info","event":"Filling up the DagBag from /opt/airflow/dags/extract_dag.py","logger":"airflow.models.dagbag.DagBag"}
{"timestamp":"2025-06-30T04:08:55.509535","level":"info","event":"Filling up the DagBag from /opt/airflow/dags/extract_dag.py","logger":"airflow.models.dagbag.DagBag"}
{"timestamp":"2025-06-30T04:09:25.861158","level":"info","event":"Filling up the DagBag from /opt/airflow/dags/extract_dag.py","logger":"airflow.models.dagbag.DagBag"}
{"timestamp":"2025-06-30T04:09:56.240510","level":"info","event":"Filling up the DagBag from /opt/airflow/dags/extract_dag.py","logger":"airflow.models.dagbag.DagBag"}
{"timestamp":"2025-06-30T04:10:26.609761","level":"info","event":"Filling up the DagBag from /opt/airflow/dags/extract_dag.py","logger":"airflow.models.dagbag.DagBag"}
{"timestamp":"2025-06-30T04:10:56.969562","level":"info","event":"Filling up the DagBag from /opt/airflow/dags/extract_dag.py","logger":"airflow.models.dagbag.DagBag"}
{"timestamp":"2025-06-30T04:11:27.414474","level":"info","event":"Filling up the DagBag from /opt/airflow/dags/extract_dag.py","logger":"airflow.models.dagbag.DagBag"}
{"timestamp":"2025-06-30T04:11:57.777966","level":"info","event":"Filling up the DagBag from /opt/airflow/dags/extract_dag.py","logger":"airflow.models.dagbag.DagBag"}
{"timestamp":"2025-06-30T04:12:28.146534","level":"info","event":"Filling up the DagBag from /opt/airflow/dags/extract_dag.py","logger":"airflow.models.dagbag.DagBag"}
{"timestamp":"2025-06-30T04:12:58.585208","level":"info","event":"Filling up the DagBag from /opt/airflow/dags/extract_dag.py","logger":"airflow.models.dagbag.DagBag"}
{"timestamp":"2025-06-30T04:13:28.992526","level":"info","event":"Filling up the DagBag from /opt/airflow/dags/extract_dag.py","logger":"airflow.models.dagbag.DagBag"}
{"timestamp":"2025-06-30T04:13:59.441309","level":"info","event":"Filling up the DagBag from /opt/airflow/dags/extract_dag.py","logger":"airflow.models.dagbag.DagBag"}
{"timestamp":"2025-06-30T04:14:29.856889","level":"info","event":"Filling up the DagBag from /opt/airflow/dags/extract_dag.py","logger":"airflow.models.dagbag.DagBag"}
{"timestamp":"2025-06-30T04:15:00.237413","level":"info","event":"Filling up the DagBag from /opt/airflow/dags/extract_dag.py","logger":"airflow.models.dagbag.DagBag"}
{"timestamp":"2025-06-30T04:15:30.612830","level":"info","event":"Filling up the DagBag from /opt/airflow/dags/extract_dag.py","logger":"airflow.models.dagbag.DagBag"}
{"timestamp":"2025-06-30T04:16:00.965635","level":"info","event":"Filling up the DagBag from /opt/airflow/dags/extract_dag.py","logger":"airflow.models.dagbag.DagBag"}
{"timestamp":"2025-06-30T04:16:31.359106","level":"info","event":"Filling up the DagBag from /opt/airflow/dags/extract_dag.py","logger":"airflow.models.dagbag.DagBag"}
{"timestamp":"2025-06-30T04:17:01.734528","level":"info","event":"Filling up the DagBag from /opt/airflow/dags/extract_dag.py","logger":"airflow.models.dagbag.DagBag"}
{"timestamp":"2025-06-30T04:17:32.117537","level":"info","event":"Filling up the DagBag from /opt/airflow/dags/extract_dag.py","logger":"airflow.models.dagbag.DagBag"}
{"timestamp":"2025-06-30T04:18:02.477231","level":"info","event":"Filling up the DagBag from /opt/airflow/dags/extract_dag.py","logger":"airflow.models.dagbag.DagBag"}
{"timestamp":"2025-06-30T04:18:32.850188","level":"info","event":"Filling up the DagBag from /opt/airflow/dags/extract_dag.py","logger":"airflow.models.dagbag.DagBag"}
{"timestamp":"2025-06-30T04:19:03.233631","level":"info","event":"Filling up the DagBag from /opt/airflow/dags/extract_dag.py","logger":"airflow.models.dagbag.DagBag"}
{"timestamp":"2025-06-30T04:19:33.625250","level":"info","event":"Filling up the DagBag from /opt/airflow/dags/extract_dag.py","logger":"airflow.models.dagbag.DagBag"}
{"timestamp":"2025-06-30T04:20:04.007416","level":"info","event":"Filling up the DagBag from /opt/airflow/dags/extract_dag.py","logger":"airflow.models.dagbag.DagBag"}
{"timestamp":"2025-06-30T04:20:34.383034","level":"info","event":"Filling up the DagBag from /opt/airflow/dags/extract_dag.py","logger":"airflow.models.dagbag.DagBag"}
{"timestamp":"2025-06-30T04:21:04.777899","level":"info","event":"Filling up the DagBag from /opt/airflow/dags/extract_dag.py","logger":"airflow.models.dagbag.DagBag"}
{"timestamp":"2025-06-30T04:21:35.136996","level":"info","event":"Filling up the DagBag from /opt/airflow/dags/extract_dag.py","logger":"airflow.models.dagbag.DagBag"}
{"timestamp":"2025-06-30T04:22:05.532449","level":"info","event":"Filling up the DagBag from /opt/airflow/dags/extract_dag.py","logger":"airflow.models.dagbag.DagBag"}
{"timestamp":"2025-06-30T04:22:35.954390","level":"info","event":"Filling up the DagBag from /opt/airflow/dags/extract_dag.py","logger":"airflow.models.dagbag.DagBag"}
{"timestamp":"2025-06-30T04:22:54.241624","level":"info","event":"Filling up the DagBag from /opt/airflow/dags/extract_dag.py","logger":"airflow.models.dagbag.DagBag"}
{"timestamp":"2025-06-30T04:22:54.281744","level":"error","event":"Failed to import: /opt/airflow/dags/extract_dag.py","logger":"airflow.models.dagbag.DagBag","error_detail":[{"exc_type":"ModuleNotFoundError","exc_value":"No module named 'openmeteo_requests'","exc_notes":[],"syntax_error":null,"is_cause":false,"frames":[{"filename":"/home/airflow/.local/lib/python3.12/site-packages/airflow/models/dagbag.py","lineno":394,"name":"parse"},{"filename":"<frozen importlib._bootstrap_external>","lineno":999,"name":"exec_module"},{"filename":"<frozen importlib._bootstrap>","lineno":488,"name":"_call_with_frames_removed"},{"filename":"/opt/airflow/dags/extract_dag.py","lineno":1,"name":"<module>"}],"is_group":false,"exceptions":[]}]}
{"timestamp":"2025-06-30T04:22:58.384310","level":"info","event":"Filling up the DagBag from /opt/airflow/dags/extract_dag.py","logger":"airflow.models.dagbag.DagBag"}
{"timestamp":"2025-06-30T04:22:58.415378","level":"error","event":"Failed to import: /opt/airflow/dags/extract_dag.py","logger":"airflow.models.dagbag.DagBag","error_detail":[{"exc_type":"ModuleNotFoundError","exc_value":"No module named 'openmeteo_requests'","exc_notes":[],"syntax_error":null,"is_cause":false,"frames":[{"filename":"/home/airflow/.local/lib/python3.12/site-packages/airflow/models/dagbag.py","lineno":394,"name":"parse"},{"filename":"<frozen importlib._bootstrap_external>","lineno":999,"name":"exec_module"},{"filename":"<frozen importlib._bootstrap>","lineno":488,"name":"_call_with_frames_removed"},{"filename":"/opt/airflow/dags/extract_dag.py","lineno":1,"name":"<module>"}],"is_group":false,"exceptions":[]}]}
{"timestamp":"2025-06-30T04:23:28.757204","level":"info","event":"Filling up the DagBag from /opt/airflow/dags/extract_dag.py","logger":"airflow.models.dagbag.DagBag"}
{"timestamp":"2025-06-30T04:23:28.772431","level":"error","event":"Failed to import: /opt/airflow/dags/extract_dag.py","logger":"airflow.models.dagbag.DagBag","error_detail":[{"exc_type":"ModuleNotFoundError","exc_value":"No module named 'openmeteo_requests'","exc_notes":[],"syntax_error":null,"is_cause":false,"frames":[{"filename":"/home/airflow/.local/lib/python3.12/site-packages/airflow/models/dagbag.py","lineno":394,"name":"parse"},{"filename":"<frozen importlib._bootstrap_external>","lineno":999,"name":"exec_module"},{"filename":"<frozen importlib._bootstrap>","lineno":488,"name":"_call_with_frames_removed"},{"filename":"/opt/airflow/dags/extract_dag.py","lineno":1,"name":"<module>"}],"is_group":false,"exceptions":[]}]}
{"timestamp":"2025-06-30T04:23:59.126382","level":"info","event":"Filling up the DagBag from /opt/airflow/dags/extract_dag.py","logger":"airflow.models.dagbag.DagBag"}
{"timestamp":"2025-06-30T04:23:59.144516","level":"error","event":"Failed to import: /opt/airflow/dags/extract_dag.py","logger":"airflow.models.dagbag.DagBag","error_detail":[{"exc_type":"ModuleNotFoundError","exc_value":"No module named 'openmeteo_requests'","exc_notes":[],"syntax_error":null,"is_cause":false,"frames":[{"filename":"/home/airflow/.local/lib/python3.12/site-packages/airflow/models/dagbag.py","lineno":394,"name":"parse"},{"filename":"<frozen importlib._bootstrap_external>","lineno":999,"name":"exec_module"},{"filename":"<frozen importlib._bootstrap>","lineno":488,"name":"_call_with_frames_removed"},{"filename":"/opt/airflow/dags/extract_dag.py","lineno":1,"name":"<module>"}],"is_group":false,"exceptions":[]}]}
{"timestamp":"2025-06-30T04:24:39.918851","level":"info","event":"Filling up the DagBag from /opt/airflow/dags/extract_dag.py","logger":"airflow.models.dagbag.DagBag"}
{"timestamp":"2025-06-30T04:24:39.941931","level":"error","event":"Failed to import: /opt/airflow/dags/extract_dag.py","logger":"airflow.models.dagbag.DagBag","error_detail":[{"exc_type":"ModuleNotFoundError","exc_value":"No module named 'openmeteo_requests'","exc_notes":[],"syntax_error":null,"is_cause":false,"frames":[{"filename":"/home/airflow/.local/lib/python3.12/site-packages/airflow/models/dagbag.py","lineno":394,"name":"parse"},{"filename":"<frozen importlib._bootstrap_external>","lineno":999,"name":"exec_module"},{"filename":"<frozen importlib._bootstrap>","lineno":488,"name":"_call_with_frames_removed"},{"filename":"/opt/airflow/dags/extract_dag.py","lineno":1,"name":"<module>"}],"is_group":false,"exceptions":[]}]}
{"timestamp":"2025-06-30T04:25:11.112119","level":"info","event":"Filling up the DagBag from /opt/airflow/dags/extract_dag.py","logger":"airflow.models.dagbag.DagBag"}
{"timestamp":"2025-06-30T04:25:11.129381","level":"error","event":"Failed to import: /opt/airflow/dags/extract_dag.py","logger":"airflow.models.dagbag.DagBag","error_detail":[{"exc_type":"ModuleNotFoundError","exc_value":"No module named 'openmeteo_requests'","exc_notes":[],"syntax_error":null,"is_cause":false,"frames":[{"filename":"/home/airflow/.local/lib/python3.12/site-packages/airflow/models/dagbag.py","lineno":394,"name":"parse"},{"filename":"<frozen importlib._bootstrap_external>","lineno":999,"name":"exec_module"},{"filename":"<frozen importlib._bootstrap>","lineno":488,"name":"_call_with_frames_removed"},{"filename":"/opt/airflow/dags/extract_dag.py","lineno":1,"name":"<module>"}],"is_group":false,"exceptions":[]}]}
{"timestamp":"2025-06-30T04:25:41.468511","level":"info","event":"Filling up the DagBag from /opt/airflow/dags/extract_dag.py","logger":"airflow.models.dagbag.DagBag"}
{"timestamp":"2025-06-30T04:25:41.485908","level":"error","event":"Failed to import: /opt/airflow/dags/extract_dag.py","logger":"airflow.models.dagbag.DagBag","error_detail":[{"exc_type":"ModuleNotFoundError","exc_value":"No module named 'openmeteo_requests'","exc_notes":[],"syntax_error":null,"is_cause":false,"frames":[{"filename":"/home/airflow/.local/lib/python3.12/site-packages/airflow/models/dagbag.py","lineno":394,"name":"parse"},{"filename":"<frozen importlib._bootstrap_external>","lineno":999,"name":"exec_module"},{"filename":"<frozen importlib._bootstrap>","lineno":488,"name":"_call_with_frames_removed"},{"filename":"/opt/airflow/dags/extract_dag.py","lineno":1,"name":"<module>"}],"is_group":false,"exceptions":[]}]}
{"timestamp":"2025-06-30T04:26:11.837427","level":"info","event":"Filling up the DagBag from /opt/airflow/dags/extract_dag.py","logger":"airflow.models.dagbag.DagBag"}
{"timestamp":"2025-06-30T04:26:11.851899","level":"error","event":"Failed to import: /opt/airflow/dags/extract_dag.py","logger":"airflow.models.dagbag.DagBag","error_detail":[{"exc_type":"ModuleNotFoundError","exc_value":"No module named 'openmeteo_requests'","exc_notes":[],"syntax_error":null,"is_cause":false,"frames":[{"filename":"/home/airflow/.local/lib/python3.12/site-packages/airflow/models/dagbag.py","lineno":394,"name":"parse"},{"filename":"<frozen importlib._bootstrap_external>","lineno":999,"name":"exec_module"},{"filename":"<frozen importlib._bootstrap>","lineno":488,"name":"_call_with_frames_removed"},{"filename":"/opt/airflow/dags/extract_dag.py","lineno":1,"name":"<module>"}],"is_group":false,"exceptions":[]}]}
{"timestamp":"2025-06-30T04:26:42.166070","level":"info","event":"Filling up the DagBag from /opt/airflow/dags/extract_dag.py","logger":"airflow.models.dagbag.DagBag"}
{"timestamp":"2025-06-30T04:26:42.182281","level":"error","event":"Failed to import: /opt/airflow/dags/extract_dag.py","logger":"airflow.models.dagbag.DagBag","error_detail":[{"exc_type":"ModuleNotFoundError","exc_value":"No module named 'openmeteo_requests'","exc_notes":[],"syntax_error":null,"is_cause":false,"frames":[{"filename":"/home/airflow/.local/lib/python3.12/site-packages/airflow/models/dagbag.py","lineno":394,"name":"parse"},{"filename":"<frozen importlib._bootstrap_external>","lineno":999,"name":"exec_module"},{"filename":"<frozen importlib._bootstrap>","lineno":488,"name":"_call_with_frames_removed"},{"filename":"/opt/airflow/dags/extract_dag.py","lineno":1,"name":"<module>"}],"is_group":false,"exceptions":[]}]}
{"timestamp":"2025-06-30T04:27:12.523517","level":"info","event":"Filling up the DagBag from /opt/airflow/dags/extract_dag.py","logger":"airflow.models.dagbag.DagBag"}
{"timestamp":"2025-06-30T04:27:12.543824","level":"error","event":"Failed to import: /opt/airflow/dags/extract_dag.py","logger":"airflow.models.dagbag.DagBag","error_detail":[{"exc_type":"ModuleNotFoundError","exc_value":"No module named 'openmeteo_requests'","exc_notes":[],"syntax_error":null,"is_cause":false,"frames":[{"filename":"/home/airflow/.local/lib/python3.12/site-packages/airflow/models/dagbag.py","lineno":394,"name":"parse"},{"filename":"<frozen importlib._bootstrap_external>","lineno":999,"name":"exec_module"},{"filename":"<frozen importlib._bootstrap>","lineno":488,"name":"_call_with_frames_removed"},{"filename":"/opt/airflow/dags/extract_dag.py","lineno":1,"name":"<module>"}],"is_group":false,"exceptions":[]}]}
{"timestamp":"2025-06-30T04:27:42.917858","level":"info","event":"Filling up the DagBag from /opt/airflow/dags/extract_dag.py","logger":"airflow.models.dagbag.DagBag"}
{"timestamp":"2025-06-30T04:27:42.932972","level":"error","event":"Failed to import: /opt/airflow/dags/extract_dag.py","logger":"airflow.models.dagbag.DagBag","error_detail":[{"exc_type":"ModuleNotFoundError","exc_value":"No module named 'openmeteo_requests'","exc_notes":[],"syntax_error":null,"is_cause":false,"frames":[{"filename":"/home/airflow/.local/lib/python3.12/site-packages/airflow/models/dagbag.py","lineno":394,"name":"parse"},{"filename":"<frozen importlib._bootstrap_external>","lineno":999,"name":"exec_module"},{"filename":"<frozen importlib._bootstrap>","lineno":488,"name":"_call_with_frames_removed"},{"filename":"/opt/airflow/dags/extract_dag.py","lineno":1,"name":"<module>"}],"is_group":false,"exceptions":[]}]}
{"timestamp":"2025-06-30T04:28:13.304710","level":"info","event":"Filling up the DagBag from /opt/airflow/dags/extract_dag.py","logger":"airflow.models.dagbag.DagBag"}
{"timestamp":"2025-06-30T04:28:13.322787","level":"error","event":"Failed to import: /opt/airflow/dags/extract_dag.py","logger":"airflow.models.dagbag.DagBag","error_detail":[{"exc_type":"ModuleNotFoundError","exc_value":"No module named 'openmeteo_requests'","exc_notes":[],"syntax_error":null,"is_cause":false,"frames":[{"filename":"/home/airflow/.local/lib/python3.12/site-packages/airflow/models/dagbag.py","lineno":394,"name":"parse"},{"filename":"<frozen importlib._bootstrap_external>","lineno":999,"name":"exec_module"},{"filename":"<frozen importlib._bootstrap>","lineno":488,"name":"_call_with_frames_removed"},{"filename":"/opt/airflow/dags/extract_dag.py","lineno":1,"name":"<module>"}],"is_group":false,"exceptions":[]}]}
{"timestamp":"2025-06-30T04:28:43.641976","level":"info","event":"Filling up the DagBag from /opt/airflow/dags/extract_dag.py","logger":"airflow.models.dagbag.DagBag"}
{"timestamp":"2025-06-30T04:28:43.656127","level":"error","event":"Failed to import: /opt/airflow/dags/extract_dag.py","logger":"airflow.models.dagbag.DagBag","error_detail":[{"exc_type":"ModuleNotFoundError","exc_value":"No module named 'openmeteo_requests'","exc_notes":[],"syntax_error":null,"is_cause":false,"frames":[{"filename":"/home/airflow/.local/lib/python3.12/site-packages/airflow/models/dagbag.py","lineno":394,"name":"parse"},{"filename":"<frozen importlib._bootstrap_external>","lineno":999,"name":"exec_module"},{"filename":"<frozen importlib._bootstrap>","lineno":488,"name":"_call_with_frames_removed"},{"filename":"/opt/airflow/dags/extract_dag.py","lineno":1,"name":"<module>"}],"is_group":false,"exceptions":[]}]}
{"timestamp":"2025-06-30T04:29:13.982810","level":"info","event":"Filling up the DagBag from /opt/airflow/dags/extract_dag.py","logger":"airflow.models.dagbag.DagBag"}
{"timestamp":"2025-06-30T04:29:13.999255","level":"error","event":"Failed to import: /opt/airflow/dags/extract_dag.py","logger":"airflow.models.dagbag.DagBag","error_detail":[{"exc_type":"ModuleNotFoundError","exc_value":"No module named 'openmeteo_requests'","exc_notes":[],"syntax_error":null,"is_cause":false,"frames":[{"filename":"/home/airflow/.local/lib/python3.12/site-packages/airflow/models/dagbag.py","lineno":394,"name":"parse"},{"filename":"<frozen importlib._bootstrap_external>","lineno":999,"name":"exec_module"},{"filename":"<frozen importlib._bootstrap>","lineno":488,"name":"_call_with_frames_removed"},{"filename":"/opt/airflow/dags/extract_dag.py","lineno":1,"name":"<module>"}],"is_group":false,"exceptions":[]}]}
{"timestamp":"2025-06-30T04:29:44.363704","level":"info","event":"Filling up the DagBag from /opt/airflow/dags/extract_dag.py","logger":"airflow.models.dagbag.DagBag"}
{"timestamp":"2025-06-30T04:29:44.376434","level":"error","event":"Failed to import: /opt/airflow/dags/extract_dag.py","logger":"airflow.models.dagbag.DagBag","error_detail":[{"exc_type":"ModuleNotFoundError","exc_value":"No module named 'openmeteo_requests'","exc_notes":[],"syntax_error":null,"is_cause":false,"frames":[{"filename":"/home/airflow/.local/lib/python3.12/site-packages/airflow/models/dagbag.py","lineno":394,"name":"parse"},{"filename":"<frozen importlib._bootstrap_external>","lineno":999,"name":"exec_module"},{"filename":"<frozen importlib._bootstrap>","lineno":488,"name":"_call_with_frames_removed"},{"filename":"/opt/airflow/dags/extract_dag.py","lineno":1,"name":"<module>"}],"is_group":false,"exceptions":[]}]}
{"timestamp":"2025-06-30T04:30:14.727264","level":"info","event":"Filling up the DagBag from /opt/airflow/dags/extract_dag.py","logger":"airflow.models.dagbag.DagBag"}
{"timestamp":"2025-06-30T04:30:14.743842","level":"error","event":"Failed to import: /opt/airflow/dags/extract_dag.py","logger":"airflow.models.dagbag.DagBag","error_detail":[{"exc_type":"ModuleNotFoundError","exc_value":"No module named 'openmeteo_requests'","exc_notes":[],"syntax_error":null,"is_cause":false,"frames":[{"filename":"/home/airflow/.local/lib/python3.12/site-packages/airflow/models/dagbag.py","lineno":394,"name":"parse"},{"filename":"<frozen importlib._bootstrap_external>","lineno":999,"name":"exec_module"},{"filename":"<frozen importlib._bootstrap>","lineno":488,"name":"_call_with_frames_removed"},{"filename":"/opt/airflow/dags/extract_dag.py","lineno":1,"name":"<module>"}],"is_group":false,"exceptions":[]}]}
{"timestamp":"2025-06-30T04:30:45.098362","level":"info","event":"Filling up the DagBag from /opt/airflow/dags/extract_dag.py","logger":"airflow.models.dagbag.DagBag"}
{"timestamp":"2025-06-30T04:30:45.114447","level":"error","event":"Failed to import: /opt/airflow/dags/extract_dag.py","logger":"airflow.models.dagbag.DagBag","error_detail":[{"exc_type":"ModuleNotFoundError","exc_value":"No module named 'openmeteo_requests'","exc_notes":[],"syntax_error":null,"is_cause":false,"frames":[{"filename":"/home/airflow/.local/lib/python3.12/site-packages/airflow/models/dagbag.py","lineno":394,"name":"parse"},{"filename":"<frozen importlib._bootstrap_external>","lineno":999,"name":"exec_module"},{"filename":"<frozen importlib._bootstrap>","lineno":488,"name":"_call_with_frames_removed"},{"filename":"/opt/airflow/dags/extract_dag.py","lineno":1,"name":"<module>"}],"is_group":false,"exceptions":[]}]}
{"timestamp":"2025-06-30T04:31:15.441848","level":"info","event":"Filling up the DagBag from /opt/airflow/dags/extract_dag.py","logger":"airflow.models.dagbag.DagBag"}
{"timestamp":"2025-06-30T04:31:15.457234","level":"error","event":"Failed to import: /opt/airflow/dags/extract_dag.py","logger":"airflow.models.dagbag.DagBag","error_detail":[{"exc_type":"ModuleNotFoundError","exc_value":"No module named 'openmeteo_requests'","exc_notes":[],"syntax_error":null,"is_cause":false,"frames":[{"filename":"/home/airflow/.local/lib/python3.12/site-packages/airflow/models/dagbag.py","lineno":394,"name":"parse"},{"filename":"<frozen importlib._bootstrap_external>","lineno":999,"name":"exec_module"},{"filename":"<frozen importlib._bootstrap>","lineno":488,"name":"_call_with_frames_removed"},{"filename":"/opt/airflow/dags/extract_dag.py","lineno":1,"name":"<module>"}],"is_group":false,"exceptions":[]}]}
{"timestamp":"2025-06-30T04:32:49.146609","level":"info","event":"Filling up the DagBag from /opt/airflow/dags/extract_dag.py","logger":"airflow.models.dagbag.DagBag"}
{"timestamp":"2025-06-30T04:33:25.488306","level":"info","event":"Filling up the DagBag from /opt/airflow/dags/extract_dag.py","logger":"airflow.models.dagbag.DagBag"}
{"timestamp":"2025-06-30T04:33:56.862158","level":"info","event":"Filling up the DagBag from /opt/airflow/dags/extract_dag.py","logger":"airflow.models.dagbag.DagBag"}
{"timestamp":"2025-06-30T04:34:15.068027","level":"info","event":"Filling up the DagBag from /opt/airflow/dags/extract_dag.py","logger":"airflow.models.dagbag.DagBag"}
{"timestamp":"2025-06-30T04:34:27.072394","level":"info","event":"Filling up the DagBag from /opt/airflow/dags/extract_dag.py","logger":"airflow.models.dagbag.DagBag"}
{"timestamp":"2025-06-30T04:34:58.121488","level":"info","event":"Filling up the DagBag from /opt/airflow/dags/extract_dag.py","logger":"airflow.models.dagbag.DagBag"}
{"timestamp":"2025-06-30T04:35:29.221085","level":"info","event":"Filling up the DagBag from /opt/airflow/dags/extract_dag.py","logger":"airflow.models.dagbag.DagBag"}
{"timestamp":"2025-06-30T04:36:00.332967","level":"info","event":"Filling up the DagBag from /opt/airflow/dags/extract_dag.py","logger":"airflow.models.dagbag.DagBag"}
{"timestamp":"2025-06-30T04:36:24.474264","level":"info","event":"Filling up the DagBag from /opt/airflow/dags/extract_dag.py","logger":"airflow.models.dagbag.DagBag"}
{"timestamp":"2025-06-30T04:36:25.285151","level":"error","event":"Failed to import: /opt/airflow/dags/extract_dag.py","logger":"airflow.models.dagbag.DagBag","error_detail":[{"exc_type":"NameError","exc_value":"name 'print_hello' is not defined","exc_notes":[],"syntax_error":null,"is_cause":false,"frames":[{"filename":"/home/airflow/.local/lib/python3.12/site-packages/airflow/models/dagbag.py","lineno":394,"name":"parse"},{"filename":"<frozen importlib._bootstrap_external>","lineno":999,"name":"exec_module"},{"filename":"<frozen importlib._bootstrap>","lineno":488,"name":"_call_with_frames_removed"},{"filename":"/opt/airflow/dags/extract_dag.py","lineno":32,"name":"<module>"},{"filename":"/home/airflow/.local/lib/python3.12/site-packages/airflow/sdk/definitions/dag.py","lineno":1417,"name":"factory"},{"filename":"/opt/airflow/dags/extract_dag.py","lineno":27,"name":"ExtractPhase"}],"is_group":false,"exceptions":[]}]}
{"timestamp":"2025-06-30T04:36:34.425431","level":"info","event":"Filling up the DagBag from /opt/airflow/dags/extract_dag.py","logger":"airflow.models.dagbag.DagBag"}
{"timestamp":"2025-06-30T04:36:34.451865","level":"error","event":"Failed to import: /opt/airflow/dags/extract_dag.py","logger":"airflow.models.dagbag.DagBag","error_detail":[{"exc_type":"IndentationError","exc_value":"expected an indented block after function definition on line 20 (extract_dag.py, line 23)","exc_notes":[],"syntax_error":{"offset":5,"filename":"/opt/airflow/dags/extract_dag.py","line":"    @task\n","lineno":23,"msg":"expected an indented block after function definition on line 20"},"is_cause":false,"frames":[{"filename":"/home/airflow/.local/lib/python3.12/site-packages/airflow/models/dagbag.py","lineno":394,"name":"parse"},{"filename":"<frozen importlib._bootstrap_external>","lineno":995,"name":"exec_module"},{"filename":"<frozen importlib._bootstrap_external>","lineno":1133,"name":"get_code"},{"filename":"<frozen importlib._bootstrap_external>","lineno":1063,"name":"source_to_code"},{"filename":"<frozen importlib._bootstrap>","lineno":488,"name":"_call_with_frames_removed"}],"is_group":false,"exceptions":[]}]}
{"timestamp":"2025-06-30T04:36:46.628401","level":"info","event":"Filling up the DagBag from /opt/airflow/dags/extract_dag.py","logger":"airflow.models.dagbag.DagBag"}
{"timestamp":"2025-06-30T04:36:47.855140","level":"error","event":"Failed to import: /opt/airflow/dags/extract_dag.py","logger":"airflow.models.dagbag.DagBag","error_detail":[{"exc_type":"NameError","exc_value":"name 'print_hello' is not defined","exc_notes":[],"syntax_error":null,"is_cause":false,"frames":[{"filename":"/home/airflow/.local/lib/python3.12/site-packages/airflow/models/dagbag.py","lineno":394,"name":"parse"},{"filename":"<frozen importlib._bootstrap_external>","lineno":999,"name":"exec_module"},{"filename":"<frozen importlib._bootstrap>","lineno":488,"name":"_call_with_frames_removed"},{"filename":"/opt/airflow/dags/extract_dag.py","lineno":35,"name":"<module>"},{"filename":"/home/airflow/.local/lib/python3.12/site-packages/airflow/sdk/definitions/dag.py","lineno":1417,"name":"factory"},{"filename":"/opt/airflow/dags/extract_dag.py","lineno":30,"name":"ExtractPhase"}],"is_group":false,"exceptions":[]}]}
{"timestamp":"2025-06-30T04:37:14.160482","level":"info","event":"Filling up the DagBag from /opt/airflow/dags/extract_dag.py","logger":"airflow.models.dagbag.DagBag"}
{"timestamp":"2025-06-30T04:37:14.858583","level":"error","event":"Failed to import: /opt/airflow/dags/extract_dag.py","logger":"airflow.models.dagbag.DagBag","error_detail":[{"exc_type":"NameError","exc_value":"name 'print_hello' is not defined","exc_notes":[],"syntax_error":null,"is_cause":false,"frames":[{"filename":"/home/airflow/.local/lib/python3.12/site-packages/airflow/models/dagbag.py","lineno":394,"name":"parse"},{"filename":"<frozen importlib._bootstrap_external>","lineno":999,"name":"exec_module"},{"filename":"<frozen importlib._bootstrap>","lineno":488,"name":"_call_with_frames_removed"},{"filename":"/opt/airflow/dags/extract_dag.py","lineno":49,"name":"<module>"},{"filename":"/home/airflow/.local/lib/python3.12/site-packages/airflow/sdk/definitions/dag.py","lineno":1417,"name":"factory"},{"filename":"/opt/airflow/dags/extract_dag.py","lineno":44,"name":"ExtractPhase"}],"is_group":false,"exceptions":[]}]}
{"timestamp":"2025-06-30T04:37:45.181972","level":"info","event":"Filling up the DagBag from /opt/airflow/dags/extract_dag.py","logger":"airflow.models.dagbag.DagBag"}
{"timestamp":"2025-06-30T04:37:46.136732","level":"error","event":"Failed to import: /opt/airflow/dags/extract_dag.py","logger":"airflow.models.dagbag.DagBag","error_detail":[{"exc_type":"NameError","exc_value":"name 'print_hello' is not defined","exc_notes":[],"syntax_error":null,"is_cause":false,"frames":[{"filename":"/home/airflow/.local/lib/python3.12/site-packages/airflow/models/dagbag.py","lineno":394,"name":"parse"},{"filename":"<frozen importlib._bootstrap_external>","lineno":999,"name":"exec_module"},{"filename":"<frozen importlib._bootstrap>","lineno":488,"name":"_call_with_frames_removed"},{"filename":"/opt/airflow/dags/extract_dag.py","lineno":49,"name":"<module>"},{"filename":"/home/airflow/.local/lib/python3.12/site-packages/airflow/sdk/definitions/dag.py","lineno":1417,"name":"factory"},{"filename":"/opt/airflow/dags/extract_dag.py","lineno":44,"name":"ExtractPhase"}],"is_group":false,"exceptions":[]}]}
{"timestamp":"2025-06-30T04:38:04.418097","level":"info","event":"Filling up the DagBag from /opt/airflow/dags/extract_dag.py","logger":"airflow.models.dagbag.DagBag"}
{"timestamp":"2025-06-30T04:38:30.559659","level":"info","event":"Filling up the DagBag from /opt/airflow/dags/extract_dag.py","logger":"airflow.models.dagbag.DagBag"}
{"timestamp":"2025-06-30T04:39:01.628090","level":"info","event":"Filling up the DagBag from /opt/airflow/dags/extract_dag.py","logger":"airflow.models.dagbag.DagBag"}
{"timestamp":"2025-06-30T04:39:06.431102","level":"info","event":"Filling up the DagBag from /opt/airflow/dags/extract_dag.py","logger":"airflow.models.dagbag.DagBag"}
{"timestamp":"2025-06-30T04:39:37.509652","level":"info","event":"Filling up the DagBag from /opt/airflow/dags/extract_dag.py","logger":"airflow.models.dagbag.DagBag"}
{"timestamp":"2025-06-30T04:39:46.402711","level":"info","event":"Filling up the DagBag from /opt/airflow/dags/extract_dag.py","logger":"airflow.models.dagbag.DagBag"}
{"timestamp":"2025-06-30T04:40:17.630539","level":"info","event":"Filling up the DagBag from /opt/airflow/dags/extract_dag.py","logger":"airflow.models.dagbag.DagBag"}
{"timestamp":"2025-06-30T04:40:48.796737","level":"info","event":"Filling up the DagBag from /opt/airflow/dags/extract_dag.py","logger":"airflow.models.dagbag.DagBag"}
{"timestamp":"2025-06-30T04:41:19.857122","level":"info","event":"Filling up the DagBag from /opt/airflow/dags/extract_dag.py","logger":"airflow.models.dagbag.DagBag"}
{"timestamp":"2025-06-30T04:41:50.900894","level":"info","event":"Filling up the DagBag from /opt/airflow/dags/extract_dag.py","logger":"airflow.models.dagbag.DagBag"}
{"timestamp":"2025-06-30T04:42:17.915265","level":"info","event":"Filling up the DagBag from /opt/airflow/dags/extract_dag.py","logger":"airflow.models.dagbag.DagBag"}
{"timestamp":"2025-06-30T04:42:46.982384","level":"info","event":"Filling up the DagBag from /opt/airflow/dags/extract_dag.py","logger":"airflow.models.dagbag.DagBag"}
{"timestamp":"2025-06-30T04:43:18.021306","level":"info","event":"Filling up the DagBag from /opt/airflow/dags/extract_dag.py","logger":"airflow.models.dagbag.DagBag"}
{"timestamp":"2025-06-30T04:43:49.085401","level":"info","event":"Filling up the DagBag from /opt/airflow/dags/extract_dag.py","logger":"airflow.models.dagbag.DagBag"}
{"timestamp":"2025-06-30T04:43:59.959701","level":"info","event":"Filling up the DagBag from /opt/airflow/dags/extract_dag.py","logger":"airflow.models.dagbag.DagBag"}
{"timestamp":"2025-06-30T04:44:08.834309","level":"info","event":"Filling up the DagBag from /opt/airflow/dags/extract_dag.py","logger":"airflow.models.dagbag.DagBag"}
{"timestamp":"2025-06-30T04:44:25.896751","level":"info","event":"Filling up the DagBag from /opt/airflow/dags/extract_dag.py","logger":"airflow.models.dagbag.DagBag"}
{"timestamp":"2025-06-30T04:44:57.030818","level":"info","event":"Filling up the DagBag from /opt/airflow/dags/extract_dag.py","logger":"airflow.models.dagbag.DagBag"}
{"timestamp":"2025-06-30T04:45:28.104454","level":"info","event":"Filling up the DagBag from /opt/airflow/dags/extract_dag.py","logger":"airflow.models.dagbag.DagBag"}
{"timestamp":"2025-06-30T04:45:53.103029","level":"info","event":"Filling up the DagBag from /opt/airflow/dags/extract_dag.py","logger":"airflow.models.dagbag.DagBag"}
{"timestamp":"2025-06-30T04:46:24.174332","level":"info","event":"Filling up the DagBag from /opt/airflow/dags/extract_dag.py","logger":"airflow.models.dagbag.DagBag"}
{"timestamp":"2025-06-30T04:46:55.261036","level":"info","event":"Filling up the DagBag from /opt/airflow/dags/extract_dag.py","logger":"airflow.models.dagbag.DagBag"}
{"timestamp":"2025-06-30T04:47:26.392565","level":"info","event":"Filling up the DagBag from /opt/airflow/dags/extract_dag.py","logger":"airflow.models.dagbag.DagBag"}
{"timestamp":"2025-06-30T04:47:57.514734","level":"info","event":"Filling up the DagBag from /opt/airflow/dags/extract_dag.py","logger":"airflow.models.dagbag.DagBag"}
{"timestamp":"2025-06-30T04:48:28.806566","level":"info","event":"Filling up the DagBag from /opt/airflow/dags/extract_dag.py","logger":"airflow.models.dagbag.DagBag"}
{"timestamp":"2025-06-30T04:49:00.061013","level":"info","event":"Filling up the DagBag from /opt/airflow/dags/extract_dag.py","logger":"airflow.models.dagbag.DagBag"}
{"timestamp":"2025-06-30T04:50:42.961064","level":"info","event":"Filling up the DagBag from /opt/airflow/dags/extract_dag.py","logger":"airflow.models.dagbag.DagBag"}
{"timestamp":"2025-06-30T04:51:17.618315","level":"info","event":"Filling up the DagBag from /opt/airflow/dags/extract_dag.py","logger":"airflow.models.dagbag.DagBag"}
{"timestamp":"2025-06-30T04:51:48.793711","level":"info","event":"Filling up the DagBag from /opt/airflow/dags/extract_dag.py","logger":"airflow.models.dagbag.DagBag"}
{"timestamp":"2025-06-30T04:54:14.732089","level":"info","event":"Filling up the DagBag from /opt/airflow/dags/extract_dag.py","logger":"airflow.models.dagbag.DagBag"}
{"timestamp":"2025-06-30T04:54:48.868370","level":"info","event":"Filling up the DagBag from /opt/airflow/dags/extract_dag.py","logger":"airflow.models.dagbag.DagBag"}
{"timestamp":"2025-06-30T04:55:20.150229","level":"info","event":"Filling up the DagBag from /opt/airflow/dags/extract_dag.py","logger":"airflow.models.dagbag.DagBag"}
{"timestamp":"2025-06-30T04:55:37.181756","level":"info","event":"Filling up the DagBag from /opt/airflow/dags/extract_dag.py","logger":"airflow.models.dagbag.DagBag"}
{"timestamp":"2025-06-30T04:56:08.386074","level":"info","event":"Filling up the DagBag from /opt/airflow/dags/extract_dag.py","logger":"airflow.models.dagbag.DagBag"}
{"timestamp":"2025-06-30T04:56:33.466879","level":"info","event":"Filling up the DagBag from /opt/airflow/dags/extract_dag.py","logger":"airflow.models.dagbag.DagBag"}
{"timestamp":"2025-06-30T04:56:37.829810","level":"info","event":"Filling up the DagBag from /opt/airflow/dags/extract_dag.py","logger":"airflow.models.dagbag.DagBag"}
{"timestamp":"2025-06-30T04:57:09.047859","level":"info","event":"Filling up the DagBag from /opt/airflow/dags/extract_dag.py","logger":"airflow.models.dagbag.DagBag"}
{"timestamp":"2025-06-30T04:57:40.210753","level":"info","event":"Filling up the DagBag from /opt/airflow/dags/extract_dag.py","logger":"airflow.models.dagbag.DagBag"}
{"timestamp":"2025-06-30T04:58:11.429256","level":"info","event":"Filling up the DagBag from /opt/airflow/dags/extract_dag.py","logger":"airflow.models.dagbag.DagBag"}
{"timestamp":"2025-06-30T04:58:42.653925","level":"info","event":"Filling up the DagBag from /opt/airflow/dags/extract_dag.py","logger":"airflow.models.dagbag.DagBag"}
{"timestamp":"2025-06-30T04:59:13.793091","level":"info","event":"Filling up the DagBag from /opt/airflow/dags/extract_dag.py","logger":"airflow.models.dagbag.DagBag"}
{"timestamp":"2025-06-30T04:59:44.860139","level":"info","event":"Filling up the DagBag from /opt/airflow/dags/extract_dag.py","logger":"airflow.models.dagbag.DagBag"}
{"timestamp":"2025-06-30T05:00:16.057205","level":"info","event":"Filling up the DagBag from /opt/airflow/dags/extract_dag.py","logger":"airflow.models.dagbag.DagBag"}
{"timestamp":"2025-06-30T05:00:47.384598","level":"info","event":"Filling up the DagBag from /opt/airflow/dags/extract_dag.py","logger":"airflow.models.dagbag.DagBag"}
{"timestamp":"2025-06-30T05:01:18.632489","level":"info","event":"Filling up the DagBag from /opt/airflow/dags/extract_dag.py","logger":"airflow.models.dagbag.DagBag"}
{"timestamp":"2025-06-30T05:01:33.801559","level":"info","event":"Filling up the DagBag from /opt/airflow/dags/extract_dag.py","logger":"airflow.models.dagbag.DagBag"}
{"timestamp":"2025-06-30T05:01:35.618531","level":"info","event":"Filling up the DagBag from /opt/airflow/dags/extract_dag.py","logger":"airflow.models.dagbag.DagBag"}
{"timestamp":"2025-06-30T05:02:06.932345","level":"info","event":"Filling up the DagBag from /opt/airflow/dags/extract_dag.py","logger":"airflow.models.dagbag.DagBag"}
{"timestamp":"2025-06-30T05:02:38.036949","level":"info","event":"Filling up the DagBag from /opt/airflow/dags/extract_dag.py","logger":"airflow.models.dagbag.DagBag"}
{"timestamp":"2025-06-30T05:02:58.017517","level":"info","event":"Filling up the DagBag from /opt/airflow/dags/extract_dag.py","logger":"airflow.models.dagbag.DagBag"}
{"timestamp":"2025-06-30T05:03:29.147448","level":"info","event":"Filling up the DagBag from /opt/airflow/dags/extract_dag.py","logger":"airflow.models.dagbag.DagBag"}
{"timestamp":"2025-06-30T05:03:34.985919","level":"info","event":"Filling up the DagBag from /opt/airflow/dags/extract_dag.py","logger":"airflow.models.dagbag.DagBag"}
{"timestamp":"2025-06-30T05:03:42.982056","level":"info","event":"Filling up the DagBag from /opt/airflow/dags/extract_dag.py","logger":"airflow.models.dagbag.DagBag"}
{"timestamp":"2025-06-30T05:03:52.977596","level":"info","event":"Filling up the DagBag from /opt/airflow/dags/extract_dag.py","logger":"airflow.models.dagbag.DagBag"}
{"timestamp":"2025-06-30T05:04:24.212233","level":"info","event":"Filling up the DagBag from /opt/airflow/dags/extract_dag.py","logger":"airflow.models.dagbag.DagBag"}
{"timestamp":"2025-06-30T05:04:55.276203","level":"info","event":"Filling up the DagBag from /opt/airflow/dags/extract_dag.py","logger":"airflow.models.dagbag.DagBag"}
{"timestamp":"2025-06-30T05:05:20.303640","level":"info","event":"Filling up the DagBag from /opt/airflow/dags/extract_dag.py","logger":"airflow.models.dagbag.DagBag"}
{"timestamp":"2025-06-30T05:05:51.425440","level":"info","event":"Filling up the DagBag from /opt/airflow/dags/extract_dag.py","logger":"airflow.models.dagbag.DagBag"}
{"timestamp":"2025-06-30T05:06:08.417615","level":"info","event":"Filling up the DagBag from /opt/airflow/dags/extract_dag.py","logger":"airflow.models.dagbag.DagBag"}
{"timestamp":"2025-06-30T05:06:39.514612","level":"info","event":"Filling up the DagBag from /opt/airflow/dags/extract_dag.py","logger":"airflow.models.dagbag.DagBag"}
{"timestamp":"2025-06-30T05:07:10.749005","level":"info","event":"Filling up the DagBag from /opt/airflow/dags/extract_dag.py","logger":"airflow.models.dagbag.DagBag"}
{"timestamp":"2025-06-30T05:07:41.824686","level":"info","event":"Filling up the DagBag from /opt/airflow/dags/extract_dag.py","logger":"airflow.models.dagbag.DagBag"}
{"timestamp":"2025-06-30T05:08:13.005644","level":"info","event":"Filling up the DagBag from /opt/airflow/dags/extract_dag.py","logger":"airflow.models.dagbag.DagBag"}
{"timestamp":"2025-06-30T05:08:16.864611","level":"info","event":"Filling up the DagBag from /opt/airflow/dags/extract_dag.py","logger":"airflow.models.dagbag.DagBag"}
{"timestamp":"2025-06-30T05:08:17.674907","level":"error","event":"Failed to import: /opt/airflow/dags/extract_dag.py","logger":"airflow.models.dagbag.DagBag","error_detail":[{"exc_type":"NameError","exc_value":"name 'print_version' is not defined","exc_notes":[],"syntax_error":null,"is_cause":false,"frames":[{"filename":"/home/airflow/.local/lib/python3.12/site-packages/airflow/models/dagbag.py","lineno":394,"name":"parse"},{"filename":"<frozen importlib._bootstrap_external>","lineno":999,"name":"exec_module"},{"filename":"<frozen importlib._bootstrap>","lineno":488,"name":"_call_with_frames_removed"},{"filename":"/opt/airflow/dags/extract_dag.py","lineno":113,"name":"<module>"},{"filename":"/home/airflow/.local/lib/python3.12/site-packages/airflow/sdk/definitions/dag.py","lineno":1417,"name":"factory"},{"filename":"/opt/airflow/dags/extract_dag.py","lineno":109,"name":"ExtractPhase"}],"is_group":false,"exceptions":[]}]}
{"timestamp":"2025-06-30T05:08:20.767317","level":"info","event":"Filling up the DagBag from /opt/airflow/dags/extract_dag.py","logger":"airflow.models.dagbag.DagBag"}
{"timestamp":"2025-06-30T05:08:29.686872","level":"info","event":"Filling up the DagBag from /opt/airflow/dags/extract_dag.py","logger":"airflow.models.dagbag.DagBag"}
{"timestamp":"2025-06-30T05:08:30.589400","level":"error","event":"Failed to import: /opt/airflow/dags/extract_dag.py","logger":"airflow.models.dagbag.DagBag","error_detail":[{"exc_type":"NameError","exc_value":"name 'ExtractPhase' is not defined","exc_notes":[],"syntax_error":null,"is_cause":false,"frames":[{"filename":"/home/airflow/.local/lib/python3.12/site-packages/airflow/models/dagbag.py","lineno":394,"name":"parse"},{"filename":"<frozen importlib._bootstrap_external>","lineno":999,"name":"exec_module"},{"filename":"<frozen importlib._bootstrap>","lineno":488,"name":"_call_with_frames_removed"},{"filename":"/opt/airflow/dags/extract_dag.py","lineno":113,"name":"<module>"}],"is_group":false,"exceptions":[]}]}
{"timestamp":"2025-06-30T05:08:36.717522","level":"info","event":"Filling up the DagBag from /opt/airflow/dags/extract_dag.py","logger":"airflow.models.dagbag.DagBag"}
